# JRE version: Java(TM) SE Runtime Environment (8.0_201-b09) (build 1.8.0_201-b09)
# Java VM: Java HotSpot(TM) 64-Bit Server VM (25.201-b09 mixed mode windows-amd64 compressed oops)
Heap:
 PSYoungGen      total 193024K, used 135726K [0x000000076b600000, 0x000000077d280000, 0x00000007c0000000)
  eden space 175104K, 67% used [0x000000076b600000,0x000000077290fb18,0x0000000776100000)
  from space 17920K, 99% used [0x0000000776100000,0x000000077727bf48,0x0000000777280000)
  to   space 20992K, 0% used [0x000000077be00000,0x000000077be00000,0x000000077d280000)
 ParOldGen       total 155648K, used 21046K [0x00000006c2200000, 0x00000006cba00000, 0x000000076b600000)
  object space 155648K, 13% used [0x00000006c2200000,0x00000006c368daa0,0x00000006cba00000)
 Metaspace       used 51826K, capacity 54248K, committed 54528K, reserved 1095680K
  class space    used 6959K, capacity 7394K, committed 7424K, reserved 1048576K
GC Heap History (10 events):
Event: 8.978 GC heap before
{Heap before GC invocations=5 (full 1):
 PSYoungGen      total 75776K, used 69082K [0x000000076b600000, 0x0000000773480000, 0x00000007c0000000)
  eden space 65024K, 100% used [0x000000076b600000,0x000000076f580000,0x000000076f580000)
  from space 10752K, 37% used [0x000000076f580000,0x000000076f976b48,0x0000000770000000)
  to   space 10752K, 0% used [0x0000000772a00000,0x0000000772a00000,0x0000000773480000)
 ParOldGen       total 95744K, used 10042K [0x00000006c2200000, 0x00000006c7f80000, 0x000000076b600000)
  object space 95744K, 10% used [0x00000006c2200000,0x00000006c2bce948,0x00000006c7f80000)
 Metaspace       used 26194K, capacity 27264K, committed 27392K, reserved 1073152K
  class space    used 3552K, capacity 3801K, committed 3840K, reserved 1048576K
Event: 8.987 GC heap after
Heap after GC invocations=5 (full 1):
 PSYoungGen      total 117760K, used 8327K [0x000000076b600000, 0x0000000773400000, 0x00000007c0000000)
  eden space 107520K, 0% used [0x000000076b600000,0x000000076b600000,0x0000000771f00000)
  from space 10240K, 81% used [0x0000000772a00000,0x0000000773221eb8,0x0000000773400000)
  to   space 10752K, 0% used [0x0000000771f00000,0x0000000771f00000,0x0000000772980000)
 ParOldGen       total 95744K, used 10050K [0x00000006c2200000, 0x00000006c7f80000, 0x000000076b600000)
  object space 95744K, 10% used [0x00000006c2200000,0x00000006c2bd0948,0x00000006c7f80000)
 Metaspace       used 26194K, capacity 27264K, committed 27392K, reserved 1073152K
  class space    used 3552K, capacity 3801K, committed 3840K, reserved 1048576K
}
Event: 10.660 GC heap before
{Heap before GC invocations=6 (full 1):
 PSYoungGen      total 117760K, used 115847K [0x000000076b600000, 0x0000000773400000, 0x00000007c0000000)
  eden space 107520K, 100% used [0x000000076b600000,0x0000000771f00000,0x0000000771f00000)
  from space 10240K, 81% used [0x0000000772a00000,0x0000000773221eb8,0x0000000773400000)
  to   space 10752K, 0% used [0x0000000771f00000,0x0000000771f00000,0x0000000772980000)
 ParOldGen       total 95744K, used 10050K [0x00000006c2200000, 0x00000006c7f80000, 0x000000076b600000)
  object space 95744K, 10% used [0x00000006c2200000,0x00000006c2bd0948,0x00000006c7f80000)
 Metaspace       used 30729K, capacity 32234K, committed 32384K, reserved 1077248K
  class space    used 4148K, capacity 4434K, committed 4480K, reserved 1048576K
Event: 10.674 GC heap after
Heap after GC invocations=6 (full 1):
 PSYoungGen      total 118272K, used 10747K [0x000000076b600000, 0x0000000778280000, 0x00000007c0000000)
  eden space 107520K, 0% used [0x000000076b600000,0x000000076b600000,0x0000000771f00000)
  from space 10752K, 99% used [0x0000000771f00000,0x000000077297efa8,0x0000000772980000)
  to   space 16384K, 0% used [0x0000000777280000,0x0000000777280000,0x0000000778280000)
 ParOldGen       total 95744K, used 14671K [0x00000006c2200000, 0x00000006c7f80000, 0x000000076b600000)
  object space 95744K, 15% used [0x00000006c2200000,0x00000006c3053d38,0x00000006c7f80000)
 Metaspace       used 30729K, capacity 32234K, committed 32384K, reserved 1077248K
  class space    used 4148K, capacity 4434K, committed 4480K, reserved 1048576K
}
Event: 11.042 GC heap before
{Heap before GC invocations=7 (full 1):
 PSYoungGen      total 118272K, used 32600K [0x000000076b600000, 0x0000000778280000, 0x00000007c0000000)
  eden space 107520K, 20% used [0x000000076b600000,0x000000076cb571e0,0x0000000771f00000)
  from space 10752K, 99% used [0x0000000771f00000,0x000000077297efa8,0x0000000772980000)
  to   space 16384K, 0% used [0x0000000777280000,0x0000000777280000,0x0000000778280000)
 ParOldGen       total 95744K, used 14671K [0x00000006c2200000, 0x00000006c7f80000, 0x000000076b600000)
  object space 95744K, 15% used [0x00000006c2200000,0x00000006c3053d38,0x00000006c7f80000)
 Metaspace       used 33826K, capacity 35316K, committed 35456K, reserved 1079296K
  class space    used 4409K, capacity 4731K, committed 4736K, reserved 1048576K
Event: 11.056 GC heap after
Heap after GC invocations=7 (full 1):
 PSYoungGen      total 191488K, used 13741K [0x000000076b600000, 0x0000000779180000, 0x00000007c0000000)
  eden space 175104K, 0% used [0x000000076b600000,0x000000076b600000,0x0000000776100000)
  from space 16384K, 83% used [0x0000000777280000,0x0000000777feb500,0x0000000778280000)
  to   space 17920K, 0% used [0x0000000776100000,0x0000000776100000,0x0000000777280000)
 ParOldGen       total 95744K, used 14679K [0x00000006c2200000, 0x00000006c7f80000, 0x000000076b600000)
  object space 95744K, 15% used [0x00000006c2200000,0x00000006c3055d38,0x00000006c7f80000)
 Metaspace       used 33826K, capacity 35316K, committed 35456K, reserved 1079296K
  class space    used 4409K, capacity 4731K, committed 4736K, reserved 1048576K
}
Event: 11.056 GC heap before
{Heap before GC invocations=8 (full 2):
 PSYoungGen      total 191488K, used 13741K [0x000000076b600000, 0x0000000779180000, 0x00000007c0000000)
  eden space 175104K, 0% used [0x000000076b600000,0x000000076b600000,0x0000000776100000)
  from space 16384K, 83% used [0x0000000777280000,0x0000000777feb500,0x0000000778280000)
  to   space 17920K, 0% used [0x0000000776100000,0x0000000776100000,0x0000000777280000)
 ParOldGen       total 95744K, used 14679K [0x00000006c2200000, 0x00000006c7f80000, 0x000000076b600000)
  object space 95744K, 15% used [0x00000006c2200000,0x00000006c3055d38,0x00000006c7f80000)
 Metaspace       used 33826K, capacity 35316K, committed 35456K, reserved 1079296K
  class space    used 4409K, capacity 4731K, committed 4736K, reserved 1048576K
Event: 11.167 GC heap after
Heap after GC invocations=8 (full 2):
 PSYoungGen      total 191488K, used 0K [0x000000076b600000, 0x0000000779180000, 0x00000007c0000000)
  eden space 175104K, 0% used [0x000000076b600000,0x000000076b600000,0x0000000776100000)
  from space 16384K, 0% used [0x0000000777280000,0x0000000777280000,0x0000000778280000)
  to   space 17920K, 0% used [0x0000000776100000,0x0000000776100000,0x0000000777280000)
 ParOldGen       total 155648K, used 20609K [0x00000006c2200000, 0x00000006cba00000, 0x000000076b600000)
  object space 155648K, 13% used [0x00000006c2200000,0x00000006c3620718,0x00000006cba00000)
 Metaspace       used 33826K, capacity 35316K, committed 35456K, reserved 1079296K
  class space    used 4409K, capacity 4731K, committed 4736K, reserved 1048576K
}
Event: 13.937 GC heap before
{Heap before GC invocations=9 (full 2):
 PSYoungGen      total 191488K, used 175104K [0x000000076b600000, 0x0000000779180000, 0x00000007c0000000)
  eden space 175104K, 100% used [0x000000076b600000,0x0000000776100000,0x0000000776100000)
  from space 16384K, 0% used [0x0000000777280000,0x0000000777280000,0x0000000778280000)
  to   space 17920K, 0% used [0x0000000776100000,0x0000000776100000,0x0000000777280000)
 ParOldGen       total 155648K, used 20609K [0x00000006c2200000, 0x00000006cba00000, 0x000000076b600000)
  object space 155648K, 13% used [0x00000006c2200000,0x00000006c3620718,0x00000006cba00000)
 Metaspace       used 46716K, capacity 48932K, committed 49024K, reserved 1091584K
  class space    used 6308K, capacity 6717K, committed 6784K, reserved 1048576K
Event: 13.956 GC heap after
Heap after GC invocations=9 (full 2):
 PSYoungGen      total 193024K, used 17903K [0x000000076b600000, 0x000000077d280000, 0x00000007c0000000)
  eden space 175104K, 0% used [0x000000076b600000,0x000000076b600000,0x0000000776100000)
  from space 17920K, 99% used [0x0000000776100000,0x000000077727bf48,0x0000000777280000)
  to   space 20992K, 0% used [0x000000077be00000,0x000000077be00000,0x000000077d280000)
 ParOldGen       total 155648K, used 21046K [0x00000006c2200000, 0x00000006cba00000, 0x000000076b600000)
  object space 155648K, 13% used [0x00000006c2200000,0x00000006c368daa0,0x00000006cba00000)
 Metaspace       used 46716K, capacity 48932K, committed 49024K, reserved 1091584K
  class space    used 6308K, capacity 6717K, committed 6784K, reserved 1048576K
}

